Flutter crash report; please file at https://github.com/flutter/flutter/issues.

## command

flutter --suppress-analytics build bundle --target-platform=ios --target=/Users/brett/flutter/flutter3/lib/main.dart --snapshot=build/snapshot_blob.bin --debug --depfile=build/snapshot_blob.bin.d --asset-dir=/Users/brett/flutter/flutter3/ios/Flutter/flutter_assets --preview-dart-2

## exception

FileSystemException: FileSystemException: Deletion failed, path = '/Users/brett/flutter/flutter3/ios/Flutter/flutter_assets' (OS Error: No such file or directory, errno = 2)

```
#0      _Directory._deleteSync (dart:io/directory_impl.dart:207)
#1      FileSystemEntity.deleteSync (dart:io/file_system_entity.dart:466)
#2      ForwardingFileSystemEntity.deleteSync (package:file/src/forwarding/forwarding_file_system_entity.dart:72)
#3      writeBundle (package:flutter_tools/src/bundle.dart:221)
<asynchronous suspension>
#4      assemble (package:flutter_tools/src/bundle.dart:214)
<asynchronous suspension>
#5      build (package:flutter_tools/src/bundle.dart:133)
<asynchronous suspension>
#6      BuildBundleCommand.runCommand (package:flutter_tools/src/commands/build_bundle.dart:95)
<asynchronous suspension>
#7      FlutterCommand.verifyThenRunCommand (package:flutter_tools/src/runner/flutter_command.dart:347)
<asynchronous suspension>
#8      FlutterCommand.run.<anonymous closure> (package:flutter_tools/src/runner/flutter_command.dart:282)
<asynchronous suspension>
#9      AppContext.run.<anonymous closure> (package:flutter_tools/src/base/context.dart:142)
<asynchronous suspension>
#10     _rootRun (dart:async/zone.dart:1126)
#11     _CustomZone.run (dart:async/zone.dart:1023)
#12     _runZoned (dart:async/zone.dart:1518)
#13     runZoned (dart:async/zone.dart:1465)
#14     AppContext.run (package:flutter_tools/src/base/context.dart:141)
<asynchronous suspension>
#15     FlutterCommand.run (package:flutter_tools/src/runner/flutter_command.dart:273)
#16     CommandRunner.runCommand (package:args/command_runner.dart:194)
<asynchronous suspension>
#17     FlutterCommandRunner.runCommand.<anonymous closure> (package:flutter_tools/src/runner/flutter_command_runner.dart:322)
<asynchronous suspension>
#18     AppContext.run.<anonymous closure> (package:flutter_tools/src/base/context.dart:142)
<asynchronous suspension>
#19     _rootRun (dart:async/zone.dart:1126)
#20     _CustomZone.run (dart:async/zone.dart:1023)
#21     _runZoned (dart:async/zone.dart:1518)
#22     runZoned (dart:async/zone.dart:1465)
#23     AppContext.run (package:flutter_tools/src/base/context.dart:141)
<asynchronous suspension>
#24     FlutterCommandRunner.runCommand (package:flutter_tools/src/runner/flutter_command_runner.dart:278)
<asynchronous suspension>
#25     CommandRunner.run.<anonymous closure> (package:args/command_runner.dart:109)
#26     new Future.sync (dart:async/future.dart:222)
#27     CommandRunner.run (package:args/command_runner.dart:109)
#28     FlutterCommandRunner.run (package:flutter_tools/src/runner/flutter_command_runner.dart:187)
#29     run.<anonymous closure> (package:flutter_tools/runner.dart:59)
<asynchronous suspension>
#30     AppContext.run.<anonymous closure> (package:flutter_tools/src/base/context.dart:142)
<asynchronous suspension>
#31     _rootRun (dart:async/zone.dart:1126)
#32     _CustomZone.run (dart:async/zone.dart:1023)
#33     _runZoned (dart:async/zone.dart:1518)
#34     runZoned (dart:async/zone.dart:1465)
#35     AppContext.run (package:flutter_tools/src/base/context.dart:141)
<asynchronous suspension>
#36     runInContext (package:flutter_tools/src/context_runner.dart:42)
<asynchronous suspension>
#37     run (package:flutter_tools/runner.dart:50)
#38     main (package:flutter_tools/executable.dart:50)
<asynchronous suspension>
#39     main (file:///Users/brett/flutter/flutter/packages/flutter_tools/bin/flutter_tools.dart:8)
#40     _startIsolate.<anonymous closure> (dart:isolate-patch/dart:isolate/isolate_patch.dart:277)
#41     _RawReceivePortImpl._handleMessage (dart:isolate-patch/dart:isolate/isolate_patch.dart:165)
```

## flutter doctor

```
[✓] Flutter (Channel dev, v0.5.7, on Mac OS X 10.13 17A405, locale en-US)
    • Flutter version 0.5.7 at /Users/brett/flutter/flutter
    • Framework revision 66091f9696 (4 weeks ago), 2018-07-09 12:52:41 -0700
    • Engine revision 6fe748490d
    • Dart version 2.0.0-dev.63.0.flutter-4c9689c1d2

[✓] Android toolchain - develop for Android devices (Android SDK 28.0.1)
    • Android SDK at /Users/brett/Library/Android/sdk
    • Android NDK location not configured (optional; useful for native profiling support)
    • Platform android-28, build-tools 28.0.1
    • Java binary at: /Applications/Android Studio.app/Contents/jre/jdk/Contents/Home/bin/java
    • Java version OpenJDK Runtime Environment (build 1.8.0_152-release-1024-b01)
    • All Android licenses accepted.

[✓] iOS toolchain - develop for iOS devices (Xcode 9.2)
    • Xcode at /Applications/Xcode.app/Contents/Developer
    • Xcode 9.2, Build version 9C40b
    • ios-deploy 1.9.2
    • CocoaPods version 1.5.3

[✓] Android Studio (version 3.1)
    • Android Studio at /Applications/Android Studio.app/Contents
    • Flutter plugin version 26.0.1
    • Dart plugin version 173.4700
    • Java version OpenJDK Runtime Environment (build 1.8.0_152-release-1024-b01)

[✓] Connected devices (3 available)
    • Brett’s iPhone • d8dab15c1ed2059bc7aad3cdaf538c479e86551f • ios • iOS 11.2
    • iPhone 5s      • CF585F11-0197-4F85-B3FB-022082F9A10C     • ios • iOS 11.2 (simulator)
    • iPhone X       • 0CF2C3DA-07A1-48BF-B820-A0FAE1418212     • ios • iOS 11.2 (simulator)

• No issues found!
```
